<?xml version="1.0" encoding="UTF-8"?>
<testsuite name="com.andrey.sandbox.PrimeTests" tests="2" skipped="0" failures="0" errors="0" timestamp="2020-04-09T22:14:11" hostname="LAPTOP-KUV071DA" time="0.003">
  <properties/>
  <testcase name="testNonPrime" classname="com.andrey.sandbox.PrimeTests" time="0.001"/>
  <testcase name="testPrimeFast" classname="com.andrey.sandbox.PrimeTests" time="0.001"/>
  <system-out><![CDATA[]]></system-out>
  <system-err><![CDATA[]]></system-err>
</testsuite>
