<?xml version="1.0" encoding="UTF-8"?>
<testsuite name="com.andrey.sandbox.SquareTests" tests="1" skipped="0" failures="0" errors="0" timestamp="2020-04-09T22:14:11" hostname="LAPTOP-KUV071DA" time="0.002">
  <properties/>
  <testcase name="testArea" classname="com.andrey.sandbox.SquareTests" time="0.002"/>
  <system-out><![CDATA[]]></system-out>
  <system-err><![CDATA[]]></system-err>
</testsuite>
