<?xml version="1.0" encoding="UTF-8"?>
<testsuite name="com.andrey.addressbook.tests.GroupModificaitonTests" tests="1" skipped="0" failures="0" errors="0" timestamp="2020-04-14T22:27:38" hostname="LAPTOP-KUV071DA" time="3.45">
  <properties/>
  <testcase name="testGroupModification" classname="com.andrey.addressbook.tests.GroupModificaitonTests" time="3.45"/>
  <system-out><![CDATA[18:27:35.819 [Test worker] INFO  c.andrey.addressbook.tests.TestBase - Start test testGroupModification with parameters []
Hibernate: select groupdata0_.group_id as group_id1_2_, groupdata0_.group_footer as group_fo2_2_, groupdata0_.group_header as group_he3_2_, groupdata0_.group_name as group_na4_2_ from group_list groupdata0_
Hibernate: select groupdata0_.group_id as group_id1_2_, groupdata0_.group_footer as group_fo2_2_, groupdata0_.group_header as group_he3_2_, groupdata0_.group_name as group_na4_2_ from group_list groupdata0_
Hibernate: select groupdata0_.group_id as group_id1_2_, groupdata0_.group_footer as group_fo2_2_, groupdata0_.group_header as group_he3_2_, groupdata0_.group_name as group_na4_2_ from group_list groupdata0_
18:27:41.994 [Test worker] INFO  c.andrey.addressbook.tests.TestBase - Stop test testGroupModification
]]></system-out>
  <system-err><![CDATA[]]></system-err>
</testsuite>
