<?xml version="1.0" encoding="UTF-8"?>
<testsuite name="com.andrey.addressbook.tests.GroupDeletionTests" tests="1" skipped="0" failures="0" errors="0" timestamp="2020-03-13T14:26:53" hostname="LAPTOP-KUV071DA" time="1.103">
  <properties/>
  <testcase name="testGroupDeletion" classname="com.andrey.addressbook.tests.GroupDeletionTests" time="1.103"/>
  <system-out><![CDATA[]]></system-out>
  <system-err><![CDATA[]]></system-err>
</testsuite>
