<?xml version="1.0" encoding="UTF-8"?>
<testsuite name="com.andrey.addressbook.tests.GroupCreationTests" tests="4" skipped="0" failures="0" errors="0" timestamp="2020-03-13T14:26:41" hostname="LAPTOP-KUV071DA" time="9.871">
  <properties/>
  <testcase name="testBadGroupCreation" classname="com.andrey.addressbook.tests.GroupCreationTests" time="2.621"/>
  <testcase name="testGroupCreation[0](GroupData{id='2147483647', name='test 0'})" classname="com.andrey.addressbook.tests.GroupCreationTests" time="2.23"/>
  <testcase name="testGroupCreation[1](GroupData{id='2147483647', name='test 1'})" classname="com.andrey.addressbook.tests.GroupCreationTests" time="2.449"/>
  <testcase name="testGroupCreation[2](GroupData{id='2147483647', name='test 2'})" classname="com.andrey.addressbook.tests.GroupCreationTests" time="2.508"/>
  <system-out><![CDATA[]]></system-out>
  <system-err><![CDATA[]]></system-err>
</testsuite>
