<?xml version="1.0" encoding="UTF-8"?>
<testsuite name="com.andrey.addressbook.tests.GroupModificaitonTests" tests="1" skipped="0" failures="0" errors="0" timestamp="2020-04-11T15:01:22" hostname="LAPTOP-KUV071DA" time="2.096">
  <properties/>
  <testcase name="testGroupModification" classname="com.andrey.addressbook.tests.GroupModificaitonTests" time="2.096"/>
  <system-out><![CDATA[11:01:21.738 [Test worker] INFO  c.andrey.addressbook.tests.TestBase - Start test testGroupModification with parameters []
Hibernate: select groupdata0_.group_id as group_id1_2_, groupdata0_.group_footer as group_fo2_2_, groupdata0_.group_header as group_he3_2_, groupdata0_.group_name as group_na4_2_ from group_list groupdata0_
Hibernate: select groupdata0_.group_id as group_id1_2_, groupdata0_.group_footer as group_fo2_2_, groupdata0_.group_header as group_he3_2_, groupdata0_.group_name as group_na4_2_ from group_list groupdata0_
Hibernate: select groupdata0_.group_id as group_id1_2_, groupdata0_.group_footer as group_fo2_2_, groupdata0_.group_header as group_he3_2_, groupdata0_.group_name as group_na4_2_ from group_list groupdata0_
11:01:24.647 [Test worker] INFO  c.andrey.addressbook.tests.TestBase - Stop test testGroupModification
]]></system-out>
  <system-err><![CDATA[]]></system-err>
</testsuite>
