<?xml version="1.0" encoding="UTF-8"?>
<testsuite name="com.andrey.addressbook.tests.GroupModificaitonTests" tests="1" skipped="0" failures="0" errors="0" timestamp="2020-03-13T14:26:51" hostname="LAPTOP-KUV071DA" time="2.436">
  <properties/>
  <testcase name="testGroupModification" classname="com.andrey.addressbook.tests.GroupModificaitonTests" time="2.436"/>
  <system-out><![CDATA[]]></system-out>
  <system-err><![CDATA[]]></system-err>
</testsuite>
